\BOOKMARK [0][-]{chapter.1}{Dnevnik promjena dokumentacije}{}% 1
\BOOKMARK [0][-]{chapter.2}{Opis projektnog zadatka}{}% 2
\BOOKMARK [1][-]{section.2.1}{Motivacija i cilj}{chapter.2}% 3
\BOOKMARK [1][-]{section.2.2}{Postojeca slicna rje\235enja}{chapter.2}% 4
\BOOKMARK [1][-]{section.2.3}{Opseg projektnog zadatka}{chapter.2}% 5
\BOOKMARK [0][-]{chapter.3}{Specifikacija programske potpore}{}% 6
\BOOKMARK [1][-]{section.3.1}{Funkcionalni zahtjevi}{chapter.3}% 7
\BOOKMARK [2][-]{subsection.3.1.1}{Obrasci uporabe}{section.3.1}% 8
\BOOKMARK [2][-]{subsection.3.1.2}{Sekvencijski dijagrami}{section.3.1}% 9
\BOOKMARK [1][-]{section.3.2}{Ostali zahtjevi}{chapter.3}% 10
\BOOKMARK [0][-]{chapter.4}{Arhitektura i dizajn sustava}{}% 11
\BOOKMARK [1][-]{section.4.1}{Baza podataka}{chapter.4}% 12
\BOOKMARK [2][-]{subsection.4.1.1}{Opis tablica}{section.4.1}% 13
\BOOKMARK [2][-]{subsection.4.1.2}{Dijagram baze podataka}{section.4.1}% 14
\BOOKMARK [1][-]{section.4.2}{Dijagram razreda}{chapter.4}% 15
\BOOKMARK [1][-]{section.4.3}{Dijagram stanja}{chapter.4}% 16
\BOOKMARK [1][-]{section.4.4}{Dijagram aktivnosti}{chapter.4}% 17
\BOOKMARK [1][-]{section.4.5}{Dijagram komponenti}{chapter.4}% 18
\BOOKMARK [0][-]{chapter.5}{Implementacija i korisnicko sucelje}{}% 19
\BOOKMARK [1][-]{section.5.1}{Kori\235tene tehnologije i alati}{chapter.5}% 20
\BOOKMARK [1][-]{section.5.2}{Ispitivanje programskog rje\235enja}{chapter.5}% 21
\BOOKMARK [2][-]{subsection.5.2.1}{Ispitivanje komponenti}{section.5.2}% 22
\BOOKMARK [2][-]{subsection.5.2.2}{Ispitivanje sustava}{section.5.2}% 23
\BOOKMARK [1][-]{section.5.3}{Dijagram razmje\235taja}{chapter.5}% 24
\BOOKMARK [1][-]{section.5.4}{Upute za pu\235tanje u pogon}{chapter.5}% 25
\BOOKMARK [0][-]{chapter.6}{Zakljucak i buduci rad}{}% 26
\BOOKMARK [0][-]{chapter*.3}{Popis literature}{}% 27
\BOOKMARK [0][-]{chapter*.4}{Indeks slika i dijagrama}{}% 28
\BOOKMARK [0][-]{chapter*.5}{Dodatak: Prikaz aktivnosti grupe}{}% 29
